<?xml version="1.0" encoding="UTF-8"?>
<!-- Generated by org.testng.reporters.JUnitReportReporter -->
<testsuite hostname="DESKTOP-565S1Q9" failures="0" tests="1" name="scripts.Testcase2" time="29.916" errors="0" timestamp="2022-05-21T08:16:03 IST" skipped="0">
  <testcase classname="scripts.Testcase2" name="tc2" time="29.916"/>
  <system-out/>
</testsuite> <!-- scripts.Testcase2 -->
