<?xml version="1.0" encoding="UTF-8"?>
<!-- Generated by org.testng.reporters.JUnitReportReporter -->
<testsuite hostname="DESKTOP-565S1Q9" failures="0" tests="1" name="scripts.Testcase3" time="48.035" errors="0" timestamp="2022-05-21T08:16:03 IST" skipped="0">
  <testcase classname="scripts.Testcase3" name="tc3" time="48.035"/>
  <system-out/>
</testsuite> <!-- scripts.Testcase3 -->
